[1.020s] DEBUG:colcon:Command line arguments: ['/usr/bin/colcon', 'build']
[1.020s] DEBUG:colcon:Parsed command line arguments: Namespace(log_base=None, log_level=None, verb_name='build', build_base='build', install_base='install', merge_install=False, symlink_install=False, test_result_base=None, continue_on_error=False, executor='parallel', parallel_workers=20, event_handlers=None, ignore_user_meta=False, metas=['./colcon.meta'], base_paths=['.'], packages_ignore=None, packages_ignore_regex=None, paths=None, packages_up_to=None, packages_up_to_regex=None, packages_above=None, packages_above_and_dependencies=None, packages_above_depth=None, packages_select_by_dep=None, packages_skip_by_dep=None, packages_skip_up_to=None, packages_select_build_failed=False, packages_skip_build_finished=False, packages_select_test_failures=False, packages_skip_test_passed=False, packages_select=None, packages_skip=None, packages_select_regex=None, packages_skip_regex=None, packages_start=None, packages_end=None, allow_overriding=[], cmake_args=None, cmake_target=None, cmake_target_skip_unavailable=False, cmake_clean_cache=False, cmake_clean_first=False, cmake_force_configure=False, ament_cmake_args=None, catkin_cmake_args=None, catkin_skip_building_tests=False, mixin_files=None, mixin=None, verb_parser=<colcon_mixin.mixin.mixin_argument.MixinArgumentDecorator object at 0x7fcf4ba52350>, verb_extension=<colcon_core.verb.build.BuildVerb object at 0x7fcf4ba51e70>, main=<bound method BuildVerb.main of <colcon_core.verb.build.BuildVerb object at 0x7fcf4ba51e70>>, mixin_verb=('build',))
[1.987s] Level 1:colcon.colcon_core.package_discovery:discover_packages(colcon_meta) check parameters
[1.988s] Level 1:colcon.colcon_core.package_discovery:discover_packages(recursive) check parameters
[1.988s] Level 1:colcon.colcon_core.package_discovery:discover_packages(ignore) check parameters
[1.988s] Level 1:colcon.colcon_core.package_discovery:discover_packages(path) check parameters
[1.988s] Level 1:colcon.colcon_core.package_discovery:discover_packages(colcon_meta) discover
[1.988s] Level 1:colcon.colcon_core.package_discovery:discover_packages(recursive) discover
[1.988s] INFO:colcon.colcon_core.package_discovery:Crawling recursively for packages in '/home/sstevenson/ros2_ws'
[1.989s] Level 1:colcon.colcon_core.package_identification:_identify(.) by extensions ['ignore', 'ignore_ament_install']
[1.990s] Level 1:colcon.colcon_core.package_identification:_identify(.) by extension 'ignore'
[1.990s] Level 1:colcon.colcon_core.package_identification:_identify(.) by extension 'ignore_ament_install'
[1.990s] Level 1:colcon.colcon_core.package_identification:_identify(.) by extensions ['colcon_pkg']
[1.990s] Level 1:colcon.colcon_core.package_identification:_identify(.) by extension 'colcon_pkg'
[1.991s] Level 1:colcon.colcon_core.package_identification:_identify(.) by extensions ['colcon_meta']
[1.991s] Level 1:colcon.colcon_core.package_identification:_identify(.) by extension 'colcon_meta'
[1.991s] Level 1:colcon.colcon_core.package_identification:_identify(.) by extensions ['ros']
[1.991s] Level 1:colcon.colcon_core.package_identification:_identify(.) by extension 'ros'
[2.050s] Level 1:colcon.colcon_core.package_identification:_identify(.) by extensions ['cmake', 'python']
[2.050s] Level 1:colcon.colcon_core.package_identification:_identify(.) by extension 'cmake'
[2.050s] Level 1:colcon.colcon_core.package_identification:_identify(.) by extension 'python'
[2.050s] Level 1:colcon.colcon_core.package_identification:_identify(.) by extensions ['python_setup_py']
[2.051s] Level 1:colcon.colcon_core.package_identification:_identify(.) by extension 'python_setup_py'
[2.051s] Level 1:colcon.colcon_core.package_identification:_identify(build) by extensions ['ignore', 'ignore_ament_install']
[2.051s] Level 1:colcon.colcon_core.package_identification:_identify(build) by extension 'ignore'
[2.051s] Level 1:colcon.colcon_core.package_identification:_identify(build) ignored
[2.052s] Level 1:colcon.colcon_core.package_identification:_identify(install) by extensions ['ignore', 'ignore_ament_install']
[2.052s] Level 1:colcon.colcon_core.package_identification:_identify(install) by extension 'ignore'
[2.052s] Level 1:colcon.colcon_core.package_identification:_identify(install) ignored
[2.053s] Level 1:colcon.colcon_core.package_identification:_identify(log) by extensions ['ignore', 'ignore_ament_install']
[2.053s] Level 1:colcon.colcon_core.package_identification:_identify(log) by extension 'ignore'
[2.053s] Level 1:colcon.colcon_core.package_identification:_identify(log) ignored
[2.054s] Level 1:colcon.colcon_core.package_identification:_identify(src) by extensions ['ignore', 'ignore_ament_install']
[2.054s] Level 1:colcon.colcon_core.package_identification:_identify(src) by extension 'ignore'
[2.054s] Level 1:colcon.colcon_core.package_identification:_identify(src) by extension 'ignore_ament_install'
[2.054s] Level 1:colcon.colcon_core.package_identification:_identify(src) by extensions ['colcon_pkg']
[2.054s] Level 1:colcon.colcon_core.package_identification:_identify(src) by extension 'colcon_pkg'
[2.054s] Level 1:colcon.colcon_core.package_identification:_identify(src) by extensions ['colcon_meta']
[2.054s] Level 1:colcon.colcon_core.package_identification:_identify(src) by extension 'colcon_meta'
[2.054s] Level 1:colcon.colcon_core.package_identification:_identify(src) by extensions ['ros']
[2.054s] Level 1:colcon.colcon_core.package_identification:_identify(src) by extension 'ros'
[2.054s] Level 1:colcon.colcon_core.package_identification:_identify(src) by extensions ['cmake', 'python']
[2.054s] Level 1:colcon.colcon_core.package_identification:_identify(src) by extension 'cmake'
[2.054s] Level 1:colcon.colcon_core.package_identification:_identify(src) by extension 'python'
[2.054s] Level 1:colcon.colcon_core.package_identification:_identify(src) by extensions ['python_setup_py']
[2.054s] Level 1:colcon.colcon_core.package_identification:_identify(src) by extension 'python_setup_py'
[2.055s] Level 1:colcon.colcon_core.package_identification:_identify(src/my_robot_controller) by extensions ['ignore', 'ignore_ament_install']
[2.055s] Level 1:colcon.colcon_core.package_identification:_identify(src/my_robot_controller) by extension 'ignore'
[2.056s] Level 1:colcon.colcon_core.package_identification:_identify(src/my_robot_controller) by extension 'ignore_ament_install'
[2.056s] Level 1:colcon.colcon_core.package_identification:_identify(src/my_robot_controller) by extensions ['colcon_pkg']
[2.056s] Level 1:colcon.colcon_core.package_identification:_identify(src/my_robot_controller) by extension 'colcon_pkg'
[2.056s] Level 1:colcon.colcon_core.package_identification:_identify(src/my_robot_controller) by extensions ['colcon_meta']
[2.056s] Level 1:colcon.colcon_core.package_identification:_identify(src/my_robot_controller) by extension 'colcon_meta'
[2.056s] Level 1:colcon.colcon_core.package_identification:_identify(src/my_robot_controller) by extensions ['ros']
[2.056s] Level 1:colcon.colcon_core.package_identification:_identify(src/my_robot_controller) by extension 'ros'
[2.075s] DEBUG:colcon.colcon_core.package_identification:Package 'src/my_robot_controller' with type 'ros.ament_python' and name 'my_robot_controller'
[2.075s] Level 1:colcon.colcon_core.package_discovery:discover_packages(recursive) using defaults
[2.075s] Level 1:colcon.colcon_core.package_discovery:discover_packages(ignore) discover
[2.075s] Level 1:colcon.colcon_core.package_discovery:discover_packages(ignore) using defaults
[2.075s] Level 1:colcon.colcon_core.package_discovery:discover_packages(path) discover
[2.075s] Level 1:colcon.colcon_core.package_discovery:discover_packages(path) using defaults
[2.171s] Level 1:colcon.colcon_core.package_discovery:discover_packages(prefix_path) check parameters
[2.171s] Level 1:colcon.colcon_core.package_discovery:discover_packages(prefix_path) discover
[2.178s] DEBUG:colcon.colcon_installed_package_information.package_discovery:Found 0 installed packages in /home/sstevenson/ros2_ws/install
[2.183s] DEBUG:colcon.colcon_installed_package_information.package_discovery:Found 439 installed packages in /opt/ros/humble
[2.210s] Level 1:colcon.colcon_core.package_discovery:discover_packages(prefix_path) using defaults
[2.485s] Level 5:colcon.colcon_core.verb:set package 'my_robot_controller' build argument 'cmake_args' from command line to 'None'
[2.485s] Level 5:colcon.colcon_core.verb:set package 'my_robot_controller' build argument 'cmake_target' from command line to 'None'
[2.485s] Level 5:colcon.colcon_core.verb:set package 'my_robot_controller' build argument 'cmake_target_skip_unavailable' from command line to 'False'
[2.485s] Level 5:colcon.colcon_core.verb:set package 'my_robot_controller' build argument 'cmake_clean_cache' from command line to 'False'
[2.485s] Level 5:colcon.colcon_core.verb:set package 'my_robot_controller' build argument 'cmake_clean_first' from command line to 'False'
[2.485s] Level 5:colcon.colcon_core.verb:set package 'my_robot_controller' build argument 'cmake_force_configure' from command line to 'False'
[2.485s] Level 5:colcon.colcon_core.verb:set package 'my_robot_controller' build argument 'ament_cmake_args' from command line to 'None'
[2.485s] Level 5:colcon.colcon_core.verb:set package 'my_robot_controller' build argument 'catkin_cmake_args' from command line to 'None'
[2.485s] Level 5:colcon.colcon_core.verb:set package 'my_robot_controller' build argument 'catkin_skip_building_tests' from command line to 'False'
[2.486s] DEBUG:colcon.colcon_core.verb:Building package 'my_robot_controller' with the following arguments: {'ament_cmake_args': None, 'build_base': '/home/sstevenson/ros2_ws/build/my_robot_controller', 'catkin_cmake_args': None, 'catkin_skip_building_tests': False, 'cmake_args': None, 'cmake_clean_cache': False, 'cmake_clean_first': False, 'cmake_force_configure': False, 'cmake_target': None, 'cmake_target_skip_unavailable': False, 'install_base': '/home/sstevenson/ros2_ws/install/my_robot_controller', 'merge_install': False, 'path': '/home/sstevenson/ros2_ws/src/my_robot_controller', 'symlink_install': False, 'test_result_base': None}
[2.486s] INFO:colcon.colcon_core.executor:Executing jobs using 'parallel' executor
[2.489s] DEBUG:colcon.colcon_parallel_executor.executor.parallel:run_until_complete
[2.490s] INFO:colcon.colcon_ros.task.ament_python.build:Building ROS package in '/home/sstevenson/ros2_ws/src/my_robot_controller' with build type 'ament_python'
[2.490s] Level 1:colcon.colcon_core.shell:create_environment_hook('my_robot_controller', 'ament_prefix_path')
[2.502s] INFO:colcon.colcon_core.plugin_system:Skipping extension 'colcon_core.shell.bat': Not used on non-Windows systems
[2.503s] INFO:colcon.colcon_core.shell:Creating environment hook '/home/sstevenson/ros2_ws/install/my_robot_controller/share/my_robot_controller/hook/ament_prefix_path.ps1'
[2.512s] INFO:colcon.colcon_core.shell:Creating environment descriptor '/home/sstevenson/ros2_ws/install/my_robot_controller/share/my_robot_controller/hook/ament_prefix_path.dsv'
[2.515s] INFO:colcon.colcon_core.shell:Creating environment hook '/home/sstevenson/ros2_ws/install/my_robot_controller/share/my_robot_controller/hook/ament_prefix_path.sh'
[2.518s] INFO:colcon.colcon_core.shell:Skip shell extension 'powershell' for command environment: Not usable outside of PowerShell
[2.518s] DEBUG:colcon.colcon_core.shell:Skip shell extension 'dsv' for command environment
[3.945s] INFO:colcon.colcon_core.task.python.build:Building Python package in '/home/sstevenson/ros2_ws/src/my_robot_controller'
[3.946s] INFO:colcon.colcon_core.shell:Skip shell extension 'powershell' for command environment: Not usable outside of PowerShell
[3.946s] DEBUG:colcon.colcon_core.shell:Skip shell extension 'dsv' for command environment
[5.468s] DEBUG:colcon.colcon_core.event_handler.log_command:Invoking command in '/home/sstevenson/ros2_ws/src/my_robot_controller': PYTHONPATH=/home/sstevenson/ros2_ws/build/my_robot_controller/prefix_override:/usr/lib/python3/dist-packages/colcon_core/task/python/colcon_distutils_commands:/home/sstevenson/ros2_ws/install/my_robot_controller/lib/python3.10/site-packages:${PYTHONPATH} /usr/bin/python3 -W ignore:setup.py install is deprecated setup.py egg_info --egg-base ../../build/my_robot_controller build --build-base /home/sstevenson/ros2_ws/build/my_robot_controller/build install --record /home/sstevenson/ros2_ws/build/my_robot_controller/install.log --single-version-externally-managed install_data
[6.059s] DEBUG:colcon.colcon_core.event_handler.log_command:Invoked command in '/home/sstevenson/ros2_ws/src/my_robot_controller' returned '0': PYTHONPATH=/home/sstevenson/ros2_ws/build/my_robot_controller/prefix_override:/usr/lib/python3/dist-packages/colcon_core/task/python/colcon_distutils_commands:/home/sstevenson/ros2_ws/install/my_robot_controller/lib/python3.10/site-packages:${PYTHONPATH} /usr/bin/python3 -W ignore:setup.py install is deprecated setup.py egg_info --egg-base ../../build/my_robot_controller build --build-base /home/sstevenson/ros2_ws/build/my_robot_controller/build install --record /home/sstevenson/ros2_ws/build/my_robot_controller/install.log --single-version-externally-managed install_data
[6.079s] Level 1:colcon.colcon_core.environment:checking '/home/sstevenson/ros2_ws/install/my_robot_controller' for CMake module files
[6.079s] Level 1:colcon.colcon_core.environment:checking '/home/sstevenson/ros2_ws/install/my_robot_controller' for CMake config files
[6.080s] Level 1:colcon.colcon_core.environment:checking '/home/sstevenson/ros2_ws/install/my_robot_controller/lib'
[6.080s] Level 1:colcon.colcon_core.environment:checking '/home/sstevenson/ros2_ws/install/my_robot_controller/bin'
[6.081s] Level 1:colcon.colcon_core.environment:checking '/home/sstevenson/ros2_ws/install/my_robot_controller/lib/pkgconfig/my_robot_controller.pc'
[6.081s] Level 1:colcon.colcon_core.environment:checking '/home/sstevenson/ros2_ws/install/my_robot_controller/lib/python3.10/site-packages'
[6.081s] Level 1:colcon.colcon_core.shell:create_environment_hook('my_robot_controller', 'pythonpath')
[6.081s] INFO:colcon.colcon_core.shell:Creating environment hook '/home/sstevenson/ros2_ws/install/my_robot_controller/share/my_robot_controller/hook/pythonpath.ps1'
[6.082s] INFO:colcon.colcon_core.shell:Creating environment descriptor '/home/sstevenson/ros2_ws/install/my_robot_controller/share/my_robot_controller/hook/pythonpath.dsv'
[6.082s] INFO:colcon.colcon_core.shell:Creating environment hook '/home/sstevenson/ros2_ws/install/my_robot_controller/share/my_robot_controller/hook/pythonpath.sh'
[6.083s] Level 1:colcon.colcon_core.environment:checking '/home/sstevenson/ros2_ws/install/my_robot_controller/bin'
[6.083s] Level 1:colcon.colcon_core.environment:create_environment_scripts_only(my_robot_controller)
[6.084s] INFO:colcon.colcon_core.shell:Creating package script '/home/sstevenson/ros2_ws/install/my_robot_controller/share/my_robot_controller/package.ps1'
[6.086s] INFO:colcon.colcon_core.shell:Creating package descriptor '/home/sstevenson/ros2_ws/install/my_robot_controller/share/my_robot_controller/package.dsv'
[6.087s] INFO:colcon.colcon_core.shell:Creating package script '/home/sstevenson/ros2_ws/install/my_robot_controller/share/my_robot_controller/package.sh'
[6.090s] INFO:colcon.colcon_core.shell:Creating package script '/home/sstevenson/ros2_ws/install/my_robot_controller/share/my_robot_controller/package.bash'
[6.093s] INFO:colcon.colcon_core.shell:Creating package script '/home/sstevenson/ros2_ws/install/my_robot_controller/share/my_robot_controller/package.zsh'
[6.095s] Level 1:colcon.colcon_core.environment:create_file_with_runtime_dependencies(/home/sstevenson/ros2_ws/install/my_robot_controller/share/colcon-core/packages/my_robot_controller)
[6.096s] DEBUG:colcon.colcon_parallel_executor.executor.parallel:closing loop
[6.097s] DEBUG:colcon.colcon_parallel_executor.executor.parallel:loop closed
[6.098s] DEBUG:colcon.colcon_parallel_executor.executor.parallel:run_until_complete finished with '0'
[6.098s] DEBUG:colcon.colcon_core.event_reactor:joining thread
[6.327s] INFO:colcon.colcon_core.plugin_system:Skipping extension 'colcon_notification.desktop_notification.notify_send': Could not find 'notify-send'
[6.327s] INFO:colcon.colcon_core.plugin_system:Skipping extension 'colcon_notification.desktop_notification.terminal_notifier': Not used on non-Darwin systems
[6.327s] INFO:colcon.colcon_core.plugin_system:Skipping extension 'colcon_notification.desktop_notification.win32': Not used on non-Windows systems
[6.328s] INFO:colcon.colcon_notification.desktop_notification:Sending desktop notification using 'notify2'
[6.364s] DEBUG:colcon.colcon_notification.desktop_notification.notify2:Failed to initialize notify2: org.freedesktop.DBus.Error.ServiceUnknown: The name org.freedesktop.Notifications was not provided by any .service files
[6.364s] DEBUG:colcon.colcon_core.event_reactor:joined thread
[6.365s] INFO:colcon.colcon_core.shell:Creating prefix script '/home/sstevenson/ros2_ws/install/local_setup.ps1'
[6.368s] INFO:colcon.colcon_core.shell:Creating prefix util module '/home/sstevenson/ros2_ws/install/_local_setup_util_ps1.py'
[6.371s] INFO:colcon.colcon_core.shell:Creating prefix chain script '/home/sstevenson/ros2_ws/install/setup.ps1'
[6.373s] INFO:colcon.colcon_core.shell:Creating prefix script '/home/sstevenson/ros2_ws/install/local_setup.sh'
[6.375s] INFO:colcon.colcon_core.shell:Creating prefix util module '/home/sstevenson/ros2_ws/install/_local_setup_util_sh.py'
[6.375s] INFO:colcon.colcon_core.shell:Creating prefix chain script '/home/sstevenson/ros2_ws/install/setup.sh'
[6.377s] INFO:colcon.colcon_core.shell:Creating prefix script '/home/sstevenson/ros2_ws/install/local_setup.bash'
[6.379s] INFO:colcon.colcon_core.shell:Creating prefix chain script '/home/sstevenson/ros2_ws/install/setup.bash'
[6.384s] INFO:colcon.colcon_core.shell:Creating prefix script '/home/sstevenson/ros2_ws/install/local_setup.zsh'
[6.388s] INFO:colcon.colcon_core.shell:Creating prefix chain script '/home/sstevenson/ros2_ws/install/setup.zsh'
