[2.975s] Invoking command in '/home/sstevenson/ros2_ws/src/my_robot_controller': PYTHONPATH=/home/sstevenson/ros2_ws/build/my_robot_controller/prefix_override:/usr/lib/python3/dist-packages/colcon_core/task/python/colcon_distutils_commands:/home/sstevenson/ros2_ws/install/my_robot_controller/lib/python3.10/site-packages:${PYTHONPATH} /usr/bin/python3 -W ignore:setup.py install is deprecated setup.py egg_info --egg-base ../../build/my_robot_controller build --build-base /home/sstevenson/ros2_ws/build/my_robot_controller/build install --record /home/sstevenson/ros2_ws/build/my_robot_controller/install.log --single-version-externally-managed install_data
[3.454s] running egg_info
[3.456s] creating ../../build/my_robot_controller/my_robot_controller.egg-info
[3.457s] writing ../../build/my_robot_controller/my_robot_controller.egg-info/PKG-INFO
[3.457s] writing dependency_links to ../../build/my_robot_controller/my_robot_controller.egg-info/dependency_links.txt
[3.458s] writing entry points to ../../build/my_robot_controller/my_robot_controller.egg-info/entry_points.txt
[3.458s] writing requirements to ../../build/my_robot_controller/my_robot_controller.egg-info/requires.txt
[3.458s] writing top-level names to ../../build/my_robot_controller/my_robot_controller.egg-info/top_level.txt
[3.459s] writing manifest file '../../build/my_robot_controller/my_robot_controller.egg-info/SOURCES.txt'
[3.464s] reading manifest file '../../build/my_robot_controller/my_robot_controller.egg-info/SOURCES.txt'
[3.466s] writing manifest file '../../build/my_robot_controller/my_robot_controller.egg-info/SOURCES.txt'
[3.469s] running build
[3.469s] running build_py
[3.469s] creating /home/sstevenson/ros2_ws/build/my_robot_controller/build
[3.470s] creating /home/sstevenson/ros2_ws/build/my_robot_controller/build/lib
[3.470s] creating /home/sstevenson/ros2_ws/build/my_robot_controller/build/lib/my_robot_controller
[3.470s] copying my_robot_controller/__init__.py -> /home/sstevenson/ros2_ws/build/my_robot_controller/build/lib/my_robot_controller
[3.470s] running install
[3.471s] running install_lib
[3.472s] creating /home/sstevenson/ros2_ws/install/my_robot_controller/lib/python3.10/site-packages/my_robot_controller
[3.472s] copying /home/sstevenson/ros2_ws/build/my_robot_controller/build/lib/my_robot_controller/__init__.py -> /home/sstevenson/ros2_ws/install/my_robot_controller/lib/python3.10/site-packages/my_robot_controller
[3.473s] byte-compiling /home/sstevenson/ros2_ws/install/my_robot_controller/lib/python3.10/site-packages/my_robot_controller/__init__.py to __init__.cpython-310.pyc
[3.474s] running install_data
[3.474s] creating /home/sstevenson/ros2_ws/install/my_robot_controller/share/ament_index
[3.475s] creating /home/sstevenson/ros2_ws/install/my_robot_controller/share/ament_index/resource_index
[3.475s] creating /home/sstevenson/ros2_ws/install/my_robot_controller/share/ament_index/resource_index/packages
[3.475s] copying resource/my_robot_controller -> /home/sstevenson/ros2_ws/install/my_robot_controller/share/ament_index/resource_index/packages
[3.475s] copying package.xml -> /home/sstevenson/ros2_ws/install/my_robot_controller/share/my_robot_controller
[3.475s] running install_egg_info
[3.477s] Copying ../../build/my_robot_controller/my_robot_controller.egg-info to /home/sstevenson/ros2_ws/install/my_robot_controller/lib/python3.10/site-packages/my_robot_controller-0.0.0-py3.10.egg-info
[3.478s] running install_scripts
[3.523s] writing list of installed files to '/home/sstevenson/ros2_ws/build/my_robot_controller/install.log'
[3.566s] Invoked command in '/home/sstevenson/ros2_ws/src/my_robot_controller' returned '0': PYTHONPATH=/home/sstevenson/ros2_ws/build/my_robot_controller/prefix_override:/usr/lib/python3/dist-packages/colcon_core/task/python/colcon_distutils_commands:/home/sstevenson/ros2_ws/install/my_robot_controller/lib/python3.10/site-packages:${PYTHONPATH} /usr/bin/python3 -W ignore:setup.py install is deprecated setup.py egg_info --egg-base ../../build/my_robot_controller build --build-base /home/sstevenson/ros2_ws/build/my_robot_controller/build install --record /home/sstevenson/ros2_ws/build/my_robot_controller/install.log --single-version-externally-managed install_data
