[1.537s] Invoking command in '/home/sstevenson/ros2_ws/build/my_robot_controller': PYTHONPATH=/home/sstevenson/ros2_ws/build/my_robot_controller/prefix_override:/usr/lib/python3/dist-packages/colcon_core/task/python/colcon_distutils_commands:/home/sstevenson/ros2_ws/install/my_robot_controller/lib/python3.10/site-packages:${PYTHONPATH} /usr/bin/python3 -W ignore:setup.py install is deprecated setup.py develop --editable --build-directory /home/sstevenson/ros2_ws/build/my_robot_controller/build --no-deps symlink_data --force
[1.906s] running develop
[1.908s] /usr/lib/python3/dist-packages/setuptools/command/easy_install.py:158: EasyInstallDeprecationWarning: easy_install command is deprecated. Use build and pip and other standards-based tools.
[1.909s]   warnings.warn(
[2.140s] running egg_info
[2.141s] writing my_robot_controller.egg-info/PKG-INFO
[2.141s] writing dependency_links to my_robot_controller.egg-info/dependency_links.txt
[2.141s] writing entry points to my_robot_controller.egg-info/entry_points.txt
[2.142s] writing requirements to my_robot_controller.egg-info/requires.txt
[2.142s] writing top-level names to my_robot_controller.egg-info/top_level.txt
[2.144s] reading manifest file 'my_robot_controller.egg-info/SOURCES.txt'
[2.146s] writing manifest file 'my_robot_controller.egg-info/SOURCES.txt'
[2.148s] running build_ext
[2.148s] Creating /home/sstevenson/ros2_ws/install/my_robot_controller/lib/python3.10/site-packages/my-robot-controller.egg-link (link to .)
[2.149s] Installing test_node script to /home/sstevenson/ros2_ws/install/my_robot_controller/lib/my_robot_controller
[2.150s] 
[2.150s] Installed /home/sstevenson/ros2_ws/build/my_robot_controller
[2.150s] running symlink_data
[2.151s] symbolically linking /home/sstevenson/ros2_ws/build/my_robot_controller/resource/my_robot_controller -> /home/sstevenson/ros2_ws/install/my_robot_controller/share/ament_index/resource_index/packages
[2.151s] symbolically linking /home/sstevenson/ros2_ws/build/my_robot_controller/package.xml -> /home/sstevenson/ros2_ws/install/my_robot_controller/share/my_robot_controller
[2.187s] Invoked command in '/home/sstevenson/ros2_ws/build/my_robot_controller' returned '0': PYTHONPATH=/home/sstevenson/ros2_ws/build/my_robot_controller/prefix_override:/usr/lib/python3/dist-packages/colcon_core/task/python/colcon_distutils_commands:/home/sstevenson/ros2_ws/install/my_robot_controller/lib/python3.10/site-packages:${PYTHONPATH} /usr/bin/python3 -W ignore:setup.py install is deprecated setup.py develop --editable --build-directory /home/sstevenson/ros2_ws/build/my_robot_controller/build --no-deps symlink_data --force
