[1.085s] Invoking command in '/home/sstevenson/ros2_ws/build/my_robot_controller': PYTHONPATH=/home/sstevenson/ros2_ws/build/my_robot_controller/prefix_override:/usr/lib/python3/dist-packages/colcon_core/task/python/colcon_distutils_commands:/home/sstevenson/ros2_ws/install/my_robot_controller/lib/python3.10/site-packages:${PYTHONPATH} /usr/bin/python3 -W ignore:setup.py install is deprecated setup.py develop --editable --build-directory /home/sstevenson/ros2_ws/build/my_robot_controller/build --no-deps symlink_data
[1.456s] running develop
[1.458s] /usr/lib/python3/dist-packages/setuptools/command/easy_install.py:158: EasyInstallDeprecationWarning: easy_install command is deprecated. Use build and pip and other standards-based tools.
[1.458s]   warnings.warn(
[1.653s] running egg_info
[1.653s] writing my_robot_controller.egg-info/PKG-INFO
[1.654s] writing dependency_links to my_robot_controller.egg-info/dependency_links.txt
[1.654s] writing entry points to my_robot_controller.egg-info/entry_points.txt
[1.654s] writing requirements to my_robot_controller.egg-info/requires.txt
[1.655s] writing top-level names to my_robot_controller.egg-info/top_level.txt
[1.657s] reading manifest file 'my_robot_controller.egg-info/SOURCES.txt'
[1.658s] writing manifest file 'my_robot_controller.egg-info/SOURCES.txt'
[1.659s] running build_ext
[1.659s] Creating /home/sstevenson/ros2_ws/install/my_robot_controller/lib/python3.10/site-packages/my-robot-controller.egg-link (link to .)
[1.661s] Installing draw_circle script to /home/sstevenson/ros2_ws/install/my_robot_controller/lib/my_robot_controller
[1.661s] Installing test_node script to /home/sstevenson/ros2_ws/install/my_robot_controller/lib/my_robot_controller
[1.661s] 
[1.661s] Installed /home/sstevenson/ros2_ws/build/my_robot_controller
[1.661s] running symlink_data
[1.692s] Invoked command in '/home/sstevenson/ros2_ws/build/my_robot_controller' returned '0': PYTHONPATH=/home/sstevenson/ros2_ws/build/my_robot_controller/prefix_override:/usr/lib/python3/dist-packages/colcon_core/task/python/colcon_distutils_commands:/home/sstevenson/ros2_ws/install/my_robot_controller/lib/python3.10/site-packages:${PYTHONPATH} /usr/bin/python3 -W ignore:setup.py install is deprecated setup.py develop --editable --build-directory /home/sstevenson/ros2_ws/build/my_robot_controller/build --no-deps symlink_data
