[1.469s] Invoking command in '/home/sstevenson/ros2_ws/src/my_robot_controller': PYTHONPATH=/home/sstevenson/ros2_ws/build/my_robot_controller/prefix_override:/usr/lib/python3/dist-packages/colcon_core/task/python/colcon_distutils_commands:/home/sstevenson/ros2_ws/install/my_robot_controller/lib/python3.10/site-packages:${PYTHONPATH} /usr/bin/python3 -W ignore:setup.py install is deprecated setup.py egg_info --egg-base ../../build/my_robot_controller build --build-base /home/sstevenson/ros2_ws/build/my_robot_controller/build install --record /home/sstevenson/ros2_ws/build/my_robot_controller/install.log --single-version-externally-managed install_data
[1.811s] running egg_info
[1.812s] writing ../../build/my_robot_controller/my_robot_controller.egg-info/PKG-INFO
[1.817s] writing dependency_links to ../../build/my_robot_controller/my_robot_controller.egg-info/dependency_links.txt
[1.818s] writing entry points to ../../build/my_robot_controller/my_robot_controller.egg-info/entry_points.txt
[1.818s] writing requirements to ../../build/my_robot_controller/my_robot_controller.egg-info/requires.txt
[1.819s] writing top-level names to ../../build/my_robot_controller/my_robot_controller.egg-info/top_level.txt
[1.822s] reading manifest file '../../build/my_robot_controller/my_robot_controller.egg-info/SOURCES.txt'
[1.824s] writing manifest file '../../build/my_robot_controller/my_robot_controller.egg-info/SOURCES.txt'
[1.824s] running build
[1.824s] running build_py
[1.826s] copying my_robot_controller/my_first_node.py -> /home/sstevenson/ros2_ws/build/my_robot_controller/build/lib/my_robot_controller
[1.827s] running install
[1.828s] running install_lib
[1.828s] copying /home/sstevenson/ros2_ws/build/my_robot_controller/build/lib/my_robot_controller/my_first_node.py -> /home/sstevenson/ros2_ws/install/my_robot_controller/lib/python3.10/site-packages/my_robot_controller
[1.829s] byte-compiling /home/sstevenson/ros2_ws/install/my_robot_controller/lib/python3.10/site-packages/my_robot_controller/my_first_node.py to my_first_node.cpython-310.pyc
[1.831s] running install_data
[1.833s] running install_egg_info
[1.834s] removing '/home/sstevenson/ros2_ws/install/my_robot_controller/lib/python3.10/site-packages/my_robot_controller-0.0.0-py3.10.egg-info' (and everything under it)
[1.836s] Copying ../../build/my_robot_controller/my_robot_controller.egg-info to /home/sstevenson/ros2_ws/install/my_robot_controller/lib/python3.10/site-packages/my_robot_controller-0.0.0-py3.10.egg-info
[1.838s] running install_scripts
[1.870s] Installing test_node script to /home/sstevenson/ros2_ws/install/my_robot_controller/lib/my_robot_controller
[1.873s] writing list of installed files to '/home/sstevenson/ros2_ws/build/my_robot_controller/install.log'
[1.909s] Invoked command in '/home/sstevenson/ros2_ws/src/my_robot_controller' returned '0': PYTHONPATH=/home/sstevenson/ros2_ws/build/my_robot_controller/prefix_override:/usr/lib/python3/dist-packages/colcon_core/task/python/colcon_distutils_commands:/home/sstevenson/ros2_ws/install/my_robot_controller/lib/python3.10/site-packages:${PYTHONPATH} /usr/bin/python3 -W ignore:setup.py install is deprecated setup.py egg_info --egg-base ../../build/my_robot_controller build --build-base /home/sstevenson/ros2_ws/build/my_robot_controller/build install --record /home/sstevenson/ros2_ws/build/my_robot_controller/install.log --single-version-externally-managed install_data
